Using pre-set license
Built from '2021.3/staging' branch; Version is '2021.3.8f1 (b30333d56e81) revision 11731763'; Using compiler version '192829333'; Build Type 'Release'
OS: 'Windows 11  (10.0.22621) 64bit Core' Language: 'fr' Physical Memory: 8013 MB
BatchMode: 1, IsHumanControllingUs: 0, StartBugReporterOnCrash: 0, Is64bit: 1, IsPro: 1

COMMAND LINE ARGUMENTS:
C:\Program Files\Unity\Hub\Editor\2021.3.8f1\Editor\Unity.exe
-adb2
-batchMode
-noUpm
-name
AssetImportWorker0
-projectPath
C:/Users/fract/OneDrive/Bureau/gaming_campus_lyon/03_parcours_unity/03_Infinite_Runner3d/IDLErunn3r
-logFile
Logs/AssetImportWorker0.log
-srvPort
50141
Successfully changed project path to: C:/Users/fract/OneDrive/Bureau/gaming_campus_lyon/03_parcours_unity/03_Infinite_Runner3d/IDLErunn3r
C:/Users/fract/OneDrive/Bureau/gaming_campus_lyon/03_parcours_unity/03_Infinite_Runner3d/IDLErunn3r
[UnityMemory] Configuration Parameters - Can be set up in boot.config
    "memorysetup-bucket-allocator-granularity=16"
    "memorysetup-bucket-allocator-bucket-count=8"
    "memorysetup-bucket-allocator-block-size=33554432"
    "memorysetup-bucket-allocator-block-count=8"
    "memorysetup-main-allocator-block-size=16777216"
    "memorysetup-thread-allocator-block-size=16777216"
    "memorysetup-gfx-main-allocator-block-size=16777216"
    "memorysetup-gfx-thread-allocator-block-size=16777216"
    "memorysetup-cache-allocator-block-size=4194304"
    "memorysetup-typetree-allocator-block-size=2097152"
    "memorysetup-profiler-bucket-allocator-granularity=16"
    "memorysetup-profiler-bucket-allocator-bucket-count=8"
    "memorysetup-profiler-bucket-allocator-block-size=33554432"
    "memorysetup-profiler-bucket-allocator-block-count=8"
    "memorysetup-profiler-allocator-block-size=16777216"
    "memorysetup-profiler-editor-allocator-block-size=1048576"
    "memorysetup-temp-allocator-size-main=16777216"
    "memorysetup-job-temp-allocator-block-size=2097152"
    "memorysetup-job-temp-allocator-block-size-background=1048576"
    "memorysetup-job-temp-allocator-reduction-small-platforms=262144"
    "memorysetup-temp-allocator-size-background-worker=32768"
    "memorysetup-temp-allocator-size-job-worker=262144"
    "memorysetup-temp-allocator-size-preload-manager=33554432"
    "memorysetup-temp-allocator-size-nav-mesh-worker=65536"
    "memorysetup-temp-allocator-size-audio-worker=65536"
    "memorysetup-temp-allocator-size-cloud-worker=32768"
    "memorysetup-temp-allocator-size-gi-baking-worker=262144"
    "memorysetup-temp-allocator-size-gfx=262144"
Refreshing native plugins compatible for Editor in 488.02 ms, found 2 plugins.
Preloading 0 native plugins for Editor in 0.00 ms.
Initialize engine version: 2021.3.8f1 (b30333d56e81)
[Subsystems] Discovering subsystems at path C:/Program Files/Unity/Hub/Editor/2021.3.8f1/Editor/Data/Resources/UnitySubsystems
[Subsystems] Discovering subsystems at path C:/Users/fract/OneDrive/Bureau/gaming_campus_lyon/03_parcours_unity/03_Infinite_Runner3d/IDLErunn3r/Assets
GfxDevice: creating device client; threaded=0; jobified=0
Direct3D:
    Version:  Direct3D 11.0 [level 11.1]
    Renderer: NVIDIA GeForce GTX 1650 Ti with Max-Q Design (ID=0x1f95)
    Vendor:   NVIDIA
    VRAM:     3962 MB
    Driver:   30.0.14.9709
Initialize mono
Mono path[0] = 'C:/Program Files/Unity/Hub/Editor/2021.3.8f1/Editor/Data/Managed'
Mono path[1] = 'C:/Program Files/Unity/Hub/Editor/2021.3.8f1/Editor/Data/MonoBleedingEdge/lib/mono/unityjit-win32'
Mono config path = 'C:/Program Files/Unity/Hub/Editor/2021.3.8f1/Editor/Data/MonoBleedingEdge/etc'
Using monoOptions --debugger-agent=transport=dt_socket,embedding=1,server=y,suspend=n,address=127.0.0.1:56244
Begin MonoManager ReloadAssembly
Registering precompiled unity dll's ...
Register platform support module: C:/Program Files/Unity/Hub/Editor/2021.3.8f1/Editor/Data/PlaybackEngines/WebGLSupport/UnityEditor.WebGL.Extensions.dll
Register platform support module: C:/Program Files/Unity/Hub/Editor/2021.3.8f1/Editor/Data/PlaybackEngines/MacStandaloneSupport/UnityEditor.OSXStandalone.Extensions.dll
Register platform support module: C:/Program Files/Unity/Hub/Editor/2021.3.8f1/Editor/Data/PlaybackEngines/AndroidPlayer/UnityEditor.Android.Extensions.dll
Register platform support module: C:/Program Files/Unity/Hub/Editor/2021.3.8f1/Editor/Data/PlaybackEngines/iOSSupport/UnityEditor.iOS.Extensions.dll
Register platform support module: C:/Program Files/Unity/Hub/Editor/2021.3.8f1/Editor/Data/PlaybackEngines/AppleTVSupport/UnityEditor.AppleTV.Extensions.dll
Register platform support module: C:/Program Files/Unity/Hub/Editor/2021.3.8f1/Editor/Data/PlaybackEngines/WindowsStandaloneSupport/UnityEditor.WindowsStandalone.Extensions.dll
Register platform support module: C:/Program Files/Unity/Hub/Editor/2021.3.8f1/Editor/Data/PlaybackEngines/LinuxStandaloneSupport/UnityEditor.LinuxStandalone.Extensions.dll
Register platform support module: C:/Program Files/Unity/Hub/Editor/2021.3.8f1/Editor/Data/PlaybackEngines/MetroSupport/UnityEditor.UWP.Extensions.dll
Registered in 0.022416 seconds.
Native extension for UWP target not found
Native extension for LinuxStandalone target not found
Native extension for WindowsStandalone target not found
[usbmuxd] Start listen thread
[usbmuxd] Listen thread started
Native extension for AppleTV target not found
[usbmuxd] Start listen thread
[usbmuxd] Listen thread started
Native extension for iOS target not found
Native extension for Android target not found
Native extension for OSXStandalone target not found
Native extension for WebGL target not found
Refreshing native plugins compatible for Editor in 87.73 ms, found 2 plugins.
Preloading 0 native plugins for Editor in 0.00 ms.
Mono: successfully reloaded assembly
- Completed reload, in  0.926 seconds
Domain Reload Profiling:
	ReloadAssembly (927ms)
		BeginReloadAssembly (169ms)
			ExecutionOrderSort (0ms)
			DisableScriptedObjects (0ms)
			BackupInstance (0ms)
			ReleaseScriptingObjects (0ms)
			CreateAndSetChildDomain (3ms)
		EndReloadAssembly (596ms)
			LoadAssemblies (170ms)
			RebuildTransferFunctionScriptingTraits (2ms)
			SetupTypeCache (147ms)
			ReleaseScriptCaches (0ms)
			RebuildScriptCaches (26ms)
			SetupLoadedEditorAssemblies (356ms)
				LogAssemblyErrors (0ms)
				InitializePlatformSupportModulesInManaged (116ms)
				SetLoadedEditorAssemblies (0ms)
				RefreshPlugins (88ms)
				BeforeProcessingInitializeOnLoad (2ms)
				ProcessInitializeOnLoadAttributes (101ms)
				ProcessInitializeOnLoadMethodAttributes (49ms)
				AfterProcessingInitializeOnLoad (0ms)
				EditorAssembliesLoaded (0ms)
			ExecutionOrderSort2 (0ms)
			AwakeInstancesAfterBackupRestoration (0ms)
Platform modules already initialized, skipping
Registering precompiled user dll's ...
Registered in 0.016666 seconds.
Begin MonoManager ReloadAssembly
Symbol file LoadedFromMemory doesn't match image C:\Users\fract\OneDrive\Bureau\gaming_campus_lyon\03_parcours_unity\03_Infinite_Runner3d\IDLErunn3r\Library\PackageCache\com.unity.visualscripting@1.7.8\Editor\VisualScripting.Core\Dependencies\YamlDotNet\Unity.VisualScripting.YamlDotNet.dll
Symbol file LoadedFromMemory doesn't match image C:\Users\fract\OneDrive\Bureau\gaming_campus_lyon\03_parcours_unity\03_Infinite_Runner3d\IDLErunn3r\Library\PackageCache\com.unity.visualscripting@1.7.8\Editor\VisualScripting.Core\Dependencies\DotNetZip\Unity.VisualScripting.IonicZip.dll
Native extension for UWP target not found
Native extension for LinuxStandalone target not found
Native extension for WindowsStandalone target not found
Native extension for AppleTV target not found
Native extension for iOS target not found
Native extension for Android target not found
Native extension for OSXStandalone target not found
Native extension for WebGL target not found
Refreshing native plugins compatible for Editor in 0.76 ms, found 2 plugins.
Preloading 0 native plugins for Editor in 0.00 ms.
Mono: successfully reloaded assembly
- Completed reload, in  1.306 seconds
Domain Reload Profiling:
	ReloadAssembly (1306ms)
		BeginReloadAssembly (276ms)
			ExecutionOrderSort (0ms)
			DisableScriptedObjects (8ms)
			BackupInstance (0ms)
			ReleaseScriptingObjects (0ms)
			CreateAndSetChildDomain (135ms)
		EndReloadAssembly (901ms)
			LoadAssemblies (194ms)
			RebuildTransferFunctionScriptingTraits (0ms)
			SetupTypeCache (275ms)
			ReleaseScriptCaches (1ms)
			RebuildScriptCaches (54ms)
			SetupLoadedEditorAssemblies (373ms)
				LogAssemblyErrors (0ms)
				InitializePlatformSupportModulesInManaged (66ms)
				SetLoadedEditorAssemblies (0ms)
				RefreshPlugins (1ms)
				BeforeProcessingInitializeOnLoad (89ms)
				ProcessInitializeOnLoadAttributes (177ms)
				ProcessInitializeOnLoadMethodAttributes (31ms)
				AfterProcessingInitializeOnLoad (8ms)
				EditorAssembliesLoaded (0ms)
			ExecutionOrderSort2 (0ms)
			AwakeInstancesAfterBackupRestoration (6ms)
Platform modules already initialized, skipping
========================================================================
Worker process is ready to serve import requests
Launched and connected shader compiler UnityShaderCompiler.exe after 0.05 seconds
Refreshing native plugins compatible for Editor in 0.47 ms, found 2 plugins.
Preloading 0 native plugins for Editor in 0.00 ms.
Unloading 2816 Unused Serialized files (Serialized files now loaded: 0)
Unloading 23 unused Assets / (111.5 KB). Loaded Objects now: 3288.
Memory consumption went from 107.5 MB to 107.4 MB.
Total: 2.749700 ms (FindLiveObjects: 0.287000 ms CreateObjectMapping: 0.241100 ms MarkObjects: 2.115400 ms  DeleteObjects: 0.105300 ms)

AssetImportParameters requested are different than current active one (requested -> active):
  custom:video-decoder-ogg-theora: a1e56fd34408186e4bbccfd4996cb3dc -> 
  custom:container-muxer-webm: aa71ff27fc2769a1b78a27578f13a17b -> 
  custom:container-demuxer-webm: 4f35f7cbe854078d1ac9338744f61a02 -> 
  custom:video-encoder-webm-vp8: eb34c28f22e8b96e1ab97ce403110664 -> 
  custom:audio-encoder-webm-vorbis: bf7c407c2cedff20999df2af8eb42d56 -> 
  custom:framework-win-MediaFoundation: 216162199b28c13a410421893ffa2e32 -> 
  custom:container-demuxer-ogg: 62fdf1f143b41e24485cea50d1cbac27 -> 
  custom:video-decoder-webm-vp8: 9c59270c3fd7afecdb556c50c9e8de78 -> 
  custom:audio-decoder-ogg-vorbis: bf7c407c2cedff20999df2af8eb42d56 -> 
========================================================================
Received Import Request.
  Time since last request: 575.270218 seconds.
  path: Assets/Prefabs/Ground10 1.prefab
  artifactKey: Guid(21e7e41eb7f77674a97961c2cd152c4e) Importer(815301076,1909f56bfc062723c751e8b465ee728b)
Start importing Assets/Prefabs/Ground10 1.prefab using Guid(21e7e41eb7f77674a97961c2cd152c4e) Importer(815301076,1909f56bfc062723c751e8b465ee728b)  -> (artifact id: '5cd7b2aafcceef44b2d0de4375c6ecb4') in 0.167664 seconds 
========================================================================
Received Import Request.
  Time since last request: 15.375217 seconds.
  path: Assets/Prefabs/Ground15.prefab
  artifactKey: Guid(21e7e41eb7f77674a97961c2cd152c4e) Importer(815301076,1909f56bfc062723c751e8b465ee728b)
Start importing Assets/Prefabs/Ground15.prefab using Guid(21e7e41eb7f77674a97961c2cd152c4e) Importer(815301076,1909f56bfc062723c751e8b465ee728b)  -> (artifact id: 'a3639d4269211c2573e2f912ef37fbc6') in 0.023699 seconds 
========================================================================
Received Import Request.
  Time since last request: 21.771074 seconds.
  path: Assets/Prefabs/Ground16.prefab
  artifactKey: Guid(6732afe948187f447b1aae193000535e) Importer(815301076,1909f56bfc062723c751e8b465ee728b)
Start importing Assets/Prefabs/Ground16.prefab using Guid(6732afe948187f447b1aae193000535e) Importer(815301076,1909f56bfc062723c751e8b465ee728b)  -> (artifact id: '3d994198138a9e3718ed5f40ba2dc23d') in 0.016105 seconds 
========================================================================
Received Import Request.
  Time since last request: 30.118448 seconds.
  path: Assets/Prefabs/Ground15.prefab
  artifactKey: Guid(21e7e41eb7f77674a97961c2cd152c4e) Importer(815301076,1909f56bfc062723c751e8b465ee728b)
Start importing Assets/Prefabs/Ground15.prefab using Guid(21e7e41eb7f77674a97961c2cd152c4e) Importer(815301076,1909f56bfc062723c751e8b465ee728b)  -> (artifact id: '8d031165bf4ebe435fd4aa6c06148669') in 0.019236 seconds 
========================================================================
Received Import Request.
  Time since last request: 6.474515 seconds.
  path: Assets/Prefabs/Ground16.prefab
  artifactKey: Guid(6732afe948187f447b1aae193000535e) Importer(815301076,1909f56bfc062723c751e8b465ee728b)
Start importing Assets/Prefabs/Ground16.prefab using Guid(6732afe948187f447b1aae193000535e) Importer(815301076,1909f56bfc062723c751e8b465ee728b)  -> (artifact id: '8ded7068a5e68e5b06e4d9c643db2dc3') in 0.017670 seconds 
========================================================================
Received Import Request.
  Time since last request: 350.020182 seconds.
  path: Assets/Textures/Elements_20-512x512.png
  artifactKey: Guid(800b28ed4dd5311479e850fd0ed4258d) Importer(815301076,1909f56bfc062723c751e8b465ee728b)
Start importing Assets/Textures/Elements_20-512x512.png using Guid(800b28ed4dd5311479e850fd0ed4258d) Importer(815301076,1909f56bfc062723c751e8b465ee728b)  -> (artifact id: 'b7b785aab4f4065ab157a22ecfda8d00') in 0.063873 seconds 
========================================================================
Received Import Request.
  Time since last request: 67.368129 seconds.
  path: ProjectSettings/TagManager.asset
  artifactKey: Guid(00000000000000003000000000000000) Importer(815301076,1909f56bfc062723c751e8b465ee728b)
Start importing ProjectSettings/TagManager.asset using Guid(00000000000000003000000000000000) Importer(815301076,1909f56bfc062723c751e8b465ee728b)  -> (artifact id: '4c23804d4f44d9712effac905a082f3f') in 0.009412 seconds 
========================================================================
Received Import Request.
  Time since last request: 47.430772 seconds.
  path: Assets/Prefabs/Ground10.prefab
  artifactKey: Guid(e90574fc6e3e9d243ad4a8a55aab4f8a) Importer(815301076,1909f56bfc062723c751e8b465ee728b)
Start importing Assets/Prefabs/Ground10.prefab using Guid(e90574fc6e3e9d243ad4a8a55aab4f8a) Importer(815301076,1909f56bfc062723c751e8b465ee728b)  -> (artifact id: 'f92deb0bd0db4d388258ac32ae7475ce') in 0.033422 seconds 
========================================================================
Received Import Request.
  Time since last request: 0.000028 seconds.
  path: Assets/Prefabs/Ground16.prefab
  artifactKey: Guid(6732afe948187f447b1aae193000535e) Importer(815301076,1909f56bfc062723c751e8b465ee728b)
Start importing Assets/Prefabs/Ground16.prefab using Guid(6732afe948187f447b1aae193000535e) Importer(815301076,1909f56bfc062723c751e8b465ee728b)  -> (artifact id: 'b88e5ccd58ffceaa2d2d8cd0b2ef0813') in 0.022562 seconds 
========================================================================
Received Import Request.
  Time since last request: 70.654055 seconds.
  path: Assets/Prefabs/Ground10.prefab
  artifactKey: Guid(e90574fc6e3e9d243ad4a8a55aab4f8a) Importer(815301076,1909f56bfc062723c751e8b465ee728b)
Start importing Assets/Prefabs/Ground10.prefab using Guid(e90574fc6e3e9d243ad4a8a55aab4f8a) Importer(815301076,1909f56bfc062723c751e8b465ee728b)  -> (artifact id: 'c8965ed1f4c09475a8765a17c37ea29f') in 0.019401 seconds 
========================================================================
Received Import Request.
  Time since last request: 0.000036 seconds.
  path: Assets/Prefabs/Ground15.prefab
  artifactKey: Guid(21e7e41eb7f77674a97961c2cd152c4e) Importer(815301076,1909f56bfc062723c751e8b465ee728b)
Start importing Assets/Prefabs/Ground15.prefab using Guid(21e7e41eb7f77674a97961c2cd152c4e) Importer(815301076,1909f56bfc062723c751e8b465ee728b)  -> (artifact id: '0ed84e71915350e9c8e13d70146551dc') in 0.021861 seconds 
========================================================================
Received Import Request.
  Time since last request: 32.074077 seconds.
  path: Assets/Prefabs/GroundRef Variant.prefab
  artifactKey: Guid(875160331f267f1418c6066be3d7f7f3) Importer(815301076,1909f56bfc062723c751e8b465ee728b)
Start importing Assets/Prefabs/GroundRef Variant.prefab using Guid(875160331f267f1418c6066be3d7f7f3) Importer(815301076,1909f56bfc062723c751e8b465ee728b)  -> (artifact id: '44fb0acf90e48cf8ce427947252649cf') in 0.015169 seconds 
========================================================================
Received Import Request.
  Time since last request: 15.678548 seconds.
  path: Assets/Prefabs/Ground15.prefab
  artifactKey: Guid(875160331f267f1418c6066be3d7f7f3) Importer(815301076,1909f56bfc062723c751e8b465ee728b)
Start importing Assets/Prefabs/Ground15.prefab using Guid(875160331f267f1418c6066be3d7f7f3) Importer(815301076,1909f56bfc062723c751e8b465ee728b)  -> (artifact id: '09f41f1f7ea4f9132f098c1939c57578') in 0.014327 seconds 
========================================================================
Received Import Request.
  Time since last request: 14.384174 seconds.
  path: Assets/Prefabs/GroundRef Variant.prefab
  artifactKey: Guid(8187a06427f8f0145bf70ec5f577cb77) Importer(815301076,1909f56bfc062723c751e8b465ee728b)
Start importing Assets/Prefabs/GroundRef Variant.prefab using Guid(8187a06427f8f0145bf70ec5f577cb77) Importer(815301076,1909f56bfc062723c751e8b465ee728b)  -> (artifact id: 'fdc07a7520ce36e045012948e8e10a88') in 0.018997 seconds 
========================================================================
Received Import Request.
  Time since last request: 14.153085 seconds.
  path: Assets/Prefabs/Ground16.prefab
  artifactKey: Guid(8187a06427f8f0145bf70ec5f577cb77) Importer(815301076,1909f56bfc062723c751e8b465ee728b)
Start importing Assets/Prefabs/Ground16.prefab using Guid(8187a06427f8f0145bf70ec5f577cb77) Importer(815301076,1909f56bfc062723c751e8b465ee728b)  -> (artifact id: '3e4fe8919991608cb60da36af5fcb94b') in 0.014827 seconds 
========================================================================
Received Import Request.
  Time since last request: 57.320852 seconds.
  path: Assets/Materials/Lava1.mat
  artifactKey: Guid(74f1c9c6c5abc2b49989a3e1c702790b) Importer(815301076,1909f56bfc062723c751e8b465ee728b)
Start importing Assets/Materials/Lava1.mat using Guid(74f1c9c6c5abc2b49989a3e1c702790b) Importer(815301076,1909f56bfc062723c751e8b465ee728b)  -> (artifact id: '689196a0f7f9f7b52c128249e30801ad') in 0.057757 seconds 
========================================================================
Received Import Request.
  Time since last request: 208.767456 seconds.
  path: Assets/Prefabs/Ground15.prefab
  artifactKey: Guid(875160331f267f1418c6066be3d7f7f3) Importer(815301076,1909f56bfc062723c751e8b465ee728b)
Start importing Assets/Prefabs/Ground15.prefab using Guid(875160331f267f1418c6066be3d7f7f3) Importer(815301076,1909f56bfc062723c751e8b465ee728b)  -> (artifact id: 'd560ed47c4519137e7c015b51c40b83b') in 0.045718 seconds 
========================================================================
Received Import Request.
  Time since last request: 27.441227 seconds.
  path: Assets/Prefabs/Ground15.prefab
  artifactKey: Guid(875160331f267f1418c6066be3d7f7f3) Importer(815301076,1909f56bfc062723c751e8b465ee728b)
Start importing Assets/Prefabs/Ground15.prefab using Guid(875160331f267f1418c6066be3d7f7f3) Importer(815301076,1909f56bfc062723c751e8b465ee728b)  -> (artifact id: 'a7428cb99f1a788a93d2a7b641e5bdf2') in 0.015233 seconds 
========================================================================
Received Import Request.
  Time since last request: 15.927393 seconds.
  path: Assets/Prefabs/Ground15.prefab
  artifactKey: Guid(875160331f267f1418c6066be3d7f7f3) Importer(815301076,1909f56bfc062723c751e8b465ee728b)
Start importing Assets/Prefabs/Ground15.prefab using Guid(875160331f267f1418c6066be3d7f7f3) Importer(815301076,1909f56bfc062723c751e8b465ee728b)  -> (artifact id: '595ff9602786156f68ed6211770dfea9') in 0.022137 seconds 
========================================================================
Received Import Request.
  Time since last request: 1.771535 seconds.
  path: Assets/Prefabs/Ground15.prefab
  artifactKey: Guid(875160331f267f1418c6066be3d7f7f3) Importer(815301076,1909f56bfc062723c751e8b465ee728b)
Start importing Assets/Prefabs/Ground15.prefab using Guid(875160331f267f1418c6066be3d7f7f3) Importer(815301076,1909f56bfc062723c751e8b465ee728b)  -> (artifact id: '6f642d53a0f738b000b620d66a05541b') in 0.021170 seconds 
========================================================================
Received Import Request.
  Time since last request: 3.724558 seconds.
  path: Assets/Prefabs/Ground15.prefab
  artifactKey: Guid(875160331f267f1418c6066be3d7f7f3) Importer(815301076,1909f56bfc062723c751e8b465ee728b)
Start importing Assets/Prefabs/Ground15.prefab using Guid(875160331f267f1418c6066be3d7f7f3) Importer(815301076,1909f56bfc062723c751e8b465ee728b)  -> (artifact id: 'cbbc9ab1953b9e8e80a8322ad46e5eda') in 0.014786 seconds 
========================================================================
Received Prepare
Registering precompiled user dll's ...
Registered in 0.005311 seconds.
Begin MonoManager ReloadAssembly
Symbol file LoadedFromMemory doesn't match image C:\Users\fract\OneDrive\Bureau\gaming_campus_lyon\03_parcours_unity\03_Infinite_Runner3d\IDLErunn3r\Library\PackageCache\com.unity.visualscripting@1.7.8\Editor\VisualScripting.Core\Dependencies\YamlDotNet\Unity.VisualScripting.YamlDotNet.dll
Symbol file LoadedFromMemory doesn't match image C:\Users\fract\OneDrive\Bureau\gaming_campus_lyon\03_parcours_unity\03_Infinite_Runner3d\IDLErunn3r\Library\PackageCache\com.unity.visualscripting@1.7.8\Editor\VisualScripting.Core\Dependencies\DotNetZip\Unity.VisualScripting.IonicZip.dll
Native extension for UWP target not found
Native extension for LinuxStandalone target not found
Native extension for WindowsStandalone target not found
Native extension for AppleTV target not found
Native extension for iOS target not found
Native extension for Android target not found
Native extension for OSXStandalone target not found
Native extension for WebGL target not found
Refreshing native plugins compatible for Editor in 1.71 ms, found 2 plugins.
Preloading 0 native plugins for Editor in 0.00 ms.
Mono: successfully reloaded assembly
- Completed reload, in  2.632 seconds
Domain Reload Profiling:
	ReloadAssembly (2640ms)
		BeginReloadAssembly (1200ms)
			ExecutionOrderSort (0ms)
			DisableScriptedObjects (65ms)
			BackupInstance (0ms)
			ReleaseScriptingObjects (0ms)
			CreateAndSetChildDomain (457ms)
		EndReloadAssembly (1301ms)
			LoadAssemblies (367ms)
			RebuildTransferFunctionScriptingTraits (0ms)
			SetupTypeCache (410ms)
			ReleaseScriptCaches (5ms)
			RebuildScriptCaches (84ms)
			SetupLoadedEditorAssemblies (518ms)
				LogAssemblyErrors (0ms)
				InitializePlatformSupportModulesInManaged (167ms)
				SetLoadedEditorAssemblies (1ms)
				RefreshPlugins (2ms)
				BeforeProcessingInitializeOnLoad (93ms)
				ProcessInitializeOnLoadAttributes (228ms)
				ProcessInitializeOnLoadMethodAttributes (20ms)
				AfterProcessingInitializeOnLoad (7ms)
				EditorAssembliesLoaded (0ms)
			ExecutionOrderSort2 (0ms)
			AwakeInstancesAfterBackupRestoration (5ms)
Platform modules already initialized, skipping
Refreshing native plugins compatible for Editor in 4.82 ms, found 2 plugins.
Preloading 0 native plugins for Editor in 0.00 ms.
Unloading 2798 Unused Serialized files (Serialized files now loaded: 0)
Unloading 17 unused Assets / (79.4 KB). Loaded Objects now: 3331.
Memory consumption went from 110.7 MB to 110.6 MB.
Total: 10.353600 ms (FindLiveObjects: 0.268800 ms CreateObjectMapping: 0.221200 ms MarkObjects: 9.723400 ms  DeleteObjects: 0.139100 ms)

AssetImportParameters requested are different than current active one (requested -> active):
  custom:video-decoder-ogg-theora: a1e56fd34408186e4bbccfd4996cb3dc -> 
  custom:container-muxer-webm: aa71ff27fc2769a1b78a27578f13a17b -> 
  custom:container-demuxer-webm: 4f35f7cbe854078d1ac9338744f61a02 -> 
  custom:video-encoder-webm-vp8: eb34c28f22e8b96e1ab97ce403110664 -> 
  custom:audio-encoder-webm-vorbis: bf7c407c2cedff20999df2af8eb42d56 -> 
  custom:framework-win-MediaFoundation: 216162199b28c13a410421893ffa2e32 -> 
  custom:container-demuxer-ogg: 62fdf1f143b41e24485cea50d1cbac27 -> 
  custom:video-decoder-webm-vp8: 9c59270c3fd7afecdb556c50c9e8de78 -> 
  custom:audio-decoder-ogg-vorbis: bf7c407c2cedff20999df2af8eb42d56 -> 
========================================================================
Received Prepare
Registering precompiled user dll's ...
Registered in 0.005690 seconds.
Begin MonoManager ReloadAssembly
Symbol file LoadedFromMemory doesn't match image C:\Users\fract\OneDrive\Bureau\gaming_campus_lyon\03_parcours_unity\03_Infinite_Runner3d\IDLErunn3r\Library\PackageCache\com.unity.visualscripting@1.7.8\Editor\VisualScripting.Core\Dependencies\YamlDotNet\Unity.VisualScripting.YamlDotNet.dll
Symbol file LoadedFromMemory doesn't match image C:\Users\fract\OneDrive\Bureau\gaming_campus_lyon\03_parcours_unity\03_Infinite_Runner3d\IDLErunn3r\Library\PackageCache\com.unity.visualscripting@1.7.8\Editor\VisualScripting.Core\Dependencies\DotNetZip\Unity.VisualScripting.IonicZip.dll
Native extension for UWP target not found
Native extension for LinuxStandalone target not found
Native extension for WindowsStandalone target not found
Native extension for AppleTV target not found
Native extension for iOS target not found
Native extension for Android target not found
Native extension for OSXStandalone target not found
Native extension for WebGL target not found
Refreshing native plugins compatible for Editor in 1.60 ms, found 2 plugins.
Preloading 0 native plugins for Editor in 0.00 ms.
Mono: successfully reloaded assembly
- Completed reload, in  2.161 seconds
Domain Reload Profiling:
	ReloadAssembly (2164ms)
		BeginReloadAssembly (640ms)
			ExecutionOrderSort (0ms)
			DisableScriptedObjects (36ms)
			BackupInstance (0ms)
			ReleaseScriptingObjects (0ms)
			CreateAndSetChildDomain (266ms)
		EndReloadAssembly (1364ms)
			LoadAssemblies (196ms)
			RebuildTransferFunctionScriptingTraits (0ms)
			SetupTypeCache (449ms)
			ReleaseScriptCaches (10ms)
			RebuildScriptCaches (81ms)
			SetupLoadedEditorAssemblies (527ms)
				LogAssemblyErrors (0ms)
				InitializePlatformSupportModulesInManaged (104ms)
				SetLoadedEditorAssemblies (6ms)
				RefreshPlugins (2ms)
				BeforeProcessingInitializeOnLoad (132ms)
				ProcessInitializeOnLoadAttributes (233ms)
				ProcessInitializeOnLoadMethodAttributes (38ms)
				AfterProcessingInitializeOnLoad (10ms)
				EditorAssembliesLoaded (0ms)
			ExecutionOrderSort2 (0ms)
			AwakeInstancesAfterBackupRestoration (11ms)
Platform modules already initialized, skipping
Refreshing native plugins compatible for Editor in 2.29 ms, found 2 plugins.
Preloading 0 native plugins for Editor in 0.00 ms.
Unloading 2798 Unused Serialized files (Serialized files now loaded: 0)
Unloading 16 unused Assets / (79.4 KB). Loaded Objects now: 3332.
Memory consumption went from 110.7 MB to 110.6 MB.
Total: 12.373400 ms (FindLiveObjects: 0.769200 ms CreateObjectMapping: 0.910600 ms MarkObjects: 9.917400 ms  DeleteObjects: 0.770900 ms)

AssetImportParameters requested are different than current active one (requested -> active):
  custom:video-decoder-ogg-theora: a1e56fd34408186e4bbccfd4996cb3dc -> 
  custom:container-muxer-webm: aa71ff27fc2769a1b78a27578f13a17b -> 
  custom:container-demuxer-webm: 4f35f7cbe854078d1ac9338744f61a02 -> 
  custom:video-encoder-webm-vp8: eb34c28f22e8b96e1ab97ce403110664 -> 
  custom:audio-encoder-webm-vorbis: bf7c407c2cedff20999df2af8eb42d56 -> 
  custom:framework-win-MediaFoundation: 216162199b28c13a410421893ffa2e32 -> 
  custom:container-demuxer-ogg: 62fdf1f143b41e24485cea50d1cbac27 -> 
  custom:video-decoder-webm-vp8: 9c59270c3fd7afecdb556c50c9e8de78 -> 
  custom:audio-decoder-ogg-vorbis: bf7c407c2cedff20999df2af8eb42d56 -> 
========================================================================
Received Import Request.
  Time since last request: 2345.530276 seconds.
  path: Assets/Scenes/SceneGameplay.unity
  artifactKey: Guid(9fc0d4010bbf28b4594072e72b8655ab) Importer(815301076,1909f56bfc062723c751e8b465ee728b)
Start importing Assets/Scenes/SceneGameplay.unity using Guid(9fc0d4010bbf28b4594072e72b8655ab) Importer(815301076,1909f56bfc062723c751e8b465ee728b)  -> (artifact id: '6bd4600e3df392f13bbaa4a1b09aeee4') in 0.013776 seconds 
